{"C:\\Users\\Admin\\Desktop\\unit_test\\src\\components\\greet\\Greet.tsx": {"path":"C:\\Users\\Admin\\Desktop\\unit_test\\src\\components\\greet\\Greet.tsx","all":false,"statementMap":{"0":{"start":{"line":1,"column":0},"end":{"line":1,"column":85}},"6":{"start":{"line":7,"column":0},"end":{"line":7,"column":41}},"8":{"start":{"line":9,"column":0},"end":{"line":9,"column":12}},"9":{"start":{"line":10,"column":0},"end":{"line":10,"column":13}},"10":{"start":{"line":11,"column":0},"end":{"line":11,"column":24}},"14":{"start":{"line":15,"column":0},"end":{"line":15,"column":1}},"16":{"start":{"line":17,"column":0},"end":{"line":17,"column":20}},"18":{"start":{"line":19,"column":0},"end":{"line":19,"column":2}},"34":{"start":{"line":35,"column":0},"end":{"line":35,"column":2}}},"s":{"0":1,"6":1,"8":1,"9":1,"10":1,"14":1,"16":1,"18":1,"34":1},"branchMap":{"0":{"type":"branch","line":7,"loc":{"start":{"line":7,"column":14},"end":{"line":15,"column":1}},"locations":[{"start":{"line":7,"column":14},"end":{"line":15,"column":1}}]}},"b":{"0":[1]},"fnMap":{"0":{"name":"Greet","decl":{"start":{"line":7,"column":14},"end":{"line":15,"column":1}},"loc":{"start":{"line":7,"column":14},"end":{"line":15,"column":1}},"line":7}},"f":{"0":1}}
,"C:\\Users\\Admin\\Desktop\\unit_test\\src\\components\\greet\\Greet.type.ts": {"path":"C:\\Users\\Admin\\Desktop\\unit_test\\src\\components\\greet\\Greet.type.ts","all":true,"statementMap":{"0":{"start":{"line":1,"column":0},"end":{"line":1,"column":89}},"2":{"start":{"line":3,"column":0},"end":{"line":3,"column":15}}},"s":{"0":0,"2":0},"branchMap":{"0":{"type":"branch","line":1,"loc":{"start":{"line":1,"column":158},"end":{"line":6,"column":1}},"locations":[{"start":{"line":1,"column":158},"end":{"line":6,"column":1}}]}},"b":{"0":[0]},"fnMap":{"0":{"name":"(empty-report)","decl":{"start":{"line":1,"column":158},"end":{"line":6,"column":1}},"loc":{"start":{"line":1,"column":158},"end":{"line":6,"column":1}},"line":1}},"f":{"0":0}}
}
